<?xml version="1.0" encoding="UTF-8"?>
<testng-results ignored="0" total="6" passed="6" failed="0" skipped="0">
  <reporter-output>
  </reporter-output>
  <suite started-at="2025-11-04T21:33:47 GMT-08:00" name="Suite" finished-at="2025-11-04T21:34:17 GMT-08:00" duration-ms="29913">
    <groups>
    </groups>
    <test started-at="2025-11-04T21:33:47 GMT-08:00" name="Firefox Test" finished-at="2025-11-04T21:34:17 GMT-08:00" duration-ms="29419">
      <class name="tests.GoogleSearchTest">
        <test-method is-config="true" signature="setupBrowser(java.lang.String)[pri:0, instance:tests.GoogleSearchTest@38c6f217]" started-at="2025-11-04T21:33:47 GMT-08:00" name="setupBrowser" finished-at="2025-11-04T21:34:06 GMT-08:00" duration-ms="18209" status="PASS">
          <params>
            <param index="0">
              <value>
                <![CDATA[firefox]]>
              </value>
            </param>
          </params>
          <reporter-output>
          </reporter-output>
        </test-method> <!-- setupBrowser -->
        <test-method signature="verifyGoogleTitle()[pri:0, instance:tests.GoogleSearchTest@38c6f217]" started-at="2025-11-04T21:34:06 GMT-08:00" name="verifyGoogleTitle" finished-at="2025-11-04T21:34:06 GMT-08:00" duration-ms="89" status="PASS">
          <reporter-output>
          </reporter-output>
        </test-method> <!-- verifyGoogleTitle -->
        <test-method is-config="true" signature="closeBrowser()[pri:0, instance:tests.GoogleSearchTest@38c6f217]" started-at="2025-11-04T21:34:06 GMT-08:00" name="closeBrowser" finished-at="2025-11-04T21:34:17 GMT-08:00" duration-ms="11078" status="PASS">
          <reporter-output>
          </reporter-output>
        </test-method> <!-- closeBrowser -->
      </class> <!-- tests.GoogleSearchTest -->
      <class name="tests.ContactUSPageTests">
        <test-method is-config="true" signature="setupBrowser(java.lang.String)[pri:0, instance:tests.ContactUSPageTests@399f45b1]" started-at="2025-11-04T21:33:47 GMT-08:00" name="setupBrowser" finished-at="2025-11-04T21:34:00 GMT-08:00" duration-ms="12950" status="PASS">
          <params>
            <param index="0">
              <value>
                <![CDATA[firefox]]>
              </value>
            </param>
          </params>
          <reporter-output>
          </reporter-output>
        </test-method> <!-- setupBrowser -->
        <test-method signature="verifyContactFormSubmission()[pri:0, instance:tests.ContactUSPageTests@399f45b1]" started-at="2025-11-04T21:34:00 GMT-08:00" name="verifyContactFormSubmission" finished-at="2025-11-04T21:34:12 GMT-08:00" duration-ms="11918" status="PASS">
          <reporter-output>
          </reporter-output>
        </test-method> <!-- verifyContactFormSubmission -->
        <test-method is-config="true" signature="closeBrowser()[pri:0, instance:tests.ContactUSPageTests@399f45b1]" started-at="2025-11-04T21:34:12 GMT-08:00" name="closeBrowser" finished-at="2025-11-04T21:34:17 GMT-08:00" duration-ms="4294" status="PASS">
          <reporter-output>
          </reporter-output>
        </test-method> <!-- closeBrowser -->
      </class> <!-- tests.ContactUSPageTests -->
    </test> <!-- Firefox Test -->
    <test started-at="2025-11-04T21:33:47 GMT-08:00" name="Chrome Test" finished-at="2025-11-04T21:34:17 GMT-08:00" duration-ms="29851">
      <class name="tests.GoogleSearchTest">
        <test-method is-config="true" signature="setupBrowser(java.lang.String)[pri:0, instance:tests.GoogleSearchTest@72d1ad2e]" started-at="2025-11-04T21:33:47 GMT-08:00" name="setupBrowser" finished-at="2025-11-04T21:34:11 GMT-08:00" duration-ms="23238" status="PASS">
          <params>
            <param index="0">
              <value>
                <![CDATA[chrome]]>
              </value>
            </param>
          </params>
          <reporter-output>
          </reporter-output>
        </test-method> <!-- setupBrowser -->
        <test-method signature="verifyGoogleTitle()[pri:0, instance:tests.GoogleSearchTest@72d1ad2e]" started-at="2025-11-04T21:34:11 GMT-08:00" name="verifyGoogleTitle" finished-at="2025-11-04T21:34:11 GMT-08:00" duration-ms="30" status="PASS">
          <reporter-output>
          </reporter-output>
        </test-method> <!-- verifyGoogleTitle -->
        <test-method is-config="true" signature="closeBrowser()[pri:0, instance:tests.GoogleSearchTest@72d1ad2e]" started-at="2025-11-04T21:34:11 GMT-08:00" name="closeBrowser" finished-at="2025-11-04T21:34:16 GMT-08:00" duration-ms="5521" status="PASS">
          <reporter-output>
          </reporter-output>
        </test-method> <!-- closeBrowser -->
      </class> <!-- tests.GoogleSearchTest -->
      <class name="tests.ContactUSPageTests">
        <test-method is-config="true" signature="setupBrowser(java.lang.String)[pri:0, instance:tests.ContactUSPageTests@595b007d]" started-at="2025-11-04T21:33:47 GMT-08:00" name="setupBrowser" finished-at="2025-11-04T21:34:11 GMT-08:00" duration-ms="23182" status="PASS">
          <params>
            <param index="0">
              <value>
                <![CDATA[chrome]]>
              </value>
            </param>
          </params>
          <reporter-output>
          </reporter-output>
        </test-method> <!-- setupBrowser -->
        <test-method signature="verifyContactFormSubmission()[pri:0, instance:tests.ContactUSPageTests@595b007d]" started-at="2025-11-04T21:34:11 GMT-08:00" name="verifyContactFormSubmission" finished-at="2025-11-04T21:34:15 GMT-08:00" duration-ms="4850" status="PASS">
          <reporter-output>
          </reporter-output>
        </test-method> <!-- verifyContactFormSubmission -->
        <test-method is-config="true" signature="closeBrowser()[pri:0, instance:tests.ContactUSPageTests@595b007d]" started-at="2025-11-04T21:34:15 GMT-08:00" name="closeBrowser" finished-at="2025-11-04T21:34:17 GMT-08:00" duration-ms="1782" status="PASS">
          <reporter-output>
          </reporter-output>
        </test-method> <!-- closeBrowser -->
      </class> <!-- tests.ContactUSPageTests -->
    </test> <!-- Chrome Test -->
    <test started-at="2025-11-04T21:33:47 GMT-08:00" name="Edge Test" finished-at="2025-11-04T21:34:17 GMT-08:00" duration-ms="29913">
      <class name="tests.GoogleSearchTest">
        <test-method is-config="true" signature="setupBrowser(java.lang.String)[pri:0, instance:tests.GoogleSearchTest@32eff876]" started-at="2025-11-04T21:33:47 GMT-08:00" name="setupBrowser" finished-at="2025-11-04T21:34:10 GMT-08:00" duration-ms="23004" status="PASS">
          <params>
            <param index="0">
              <value>
                <![CDATA[edge]]>
              </value>
            </param>
          </params>
          <reporter-output>
          </reporter-output>
        </test-method> <!-- setupBrowser -->
        <test-method signature="verifyGoogleTitle()[pri:0, instance:tests.GoogleSearchTest@32eff876]" started-at="2025-11-04T21:34:10 GMT-08:00" name="verifyGoogleTitle" finished-at="2025-11-04T21:34:10 GMT-08:00" duration-ms="15" status="PASS">
          <reporter-output>
          </reporter-output>
        </test-method> <!-- verifyGoogleTitle -->
        <test-method is-config="true" signature="closeBrowser()[pri:0, instance:tests.GoogleSearchTest@32eff876]" started-at="2025-11-04T21:34:10 GMT-08:00" name="closeBrowser" finished-at="2025-11-04T21:34:17 GMT-08:00" duration-ms="6815" status="PASS">
          <reporter-output>
          </reporter-output>
        </test-method> <!-- closeBrowser -->
      </class> <!-- tests.GoogleSearchTest -->
      <class name="tests.ContactUSPageTests">
        <test-method is-config="true" signature="setupBrowser(java.lang.String)[pri:0, instance:tests.ContactUSPageTests@2c767a52]" started-at="2025-11-04T21:33:47 GMT-08:00" name="setupBrowser" finished-at="2025-11-04T21:34:00 GMT-08:00" duration-ms="12660" status="PASS">
          <params>
            <param index="0">
              <value>
                <![CDATA[edge]]>
              </value>
            </param>
          </params>
          <reporter-output>
          </reporter-output>
        </test-method> <!-- setupBrowser -->
        <test-method signature="verifyContactFormSubmission()[pri:0, instance:tests.ContactUSPageTests@2c767a52]" started-at="2025-11-04T21:34:00 GMT-08:00" name="verifyContactFormSubmission" finished-at="2025-11-04T21:34:12 GMT-08:00" duration-ms="11847" status="PASS">
          <reporter-output>
          </reporter-output>
        </test-method> <!-- verifyContactFormSubmission -->
        <test-method is-config="true" signature="closeBrowser()[pri:0, instance:tests.ContactUSPageTests@2c767a52]" started-at="2025-11-04T21:34:12 GMT-08:00" name="closeBrowser" finished-at="2025-11-04T21:34:17 GMT-08:00" duration-ms="5360" status="PASS">
          <reporter-output>
          </reporter-output>
        </test-method> <!-- closeBrowser -->
      </class> <!-- tests.ContactUSPageTests -->
    </test> <!-- Edge Test -->
  </suite> <!-- Suite -->
</testng-results>
