<?xml version="1.0" encoding="UTF-8"?>
<testsuite xmlns:xsi="http://www.w3.org/2001/XMLSchema-instance" xsi:noNamespaceSchemaLocation="https://maven.apache.org/surefire/maven-surefire-plugin/xsd/surefire-test-report-3.0.xsd" version="3.0" name="TestSuite" time="30.384" tests="6" errors="0" skipped="0" failures="0">
  <properties>
[...]
</properties>
  <testcase name="verifyGoogleTitle" classname="tests.GoogleSearchTest" time="0.102">
    <system-out><![CDATA[browser name:firefox
browser name:edge
browser name:firefox
browser name:chrome
browser name:chrome
browser name:edge
ContactUsPage Loaded Successfully!!
ContactUsPage Loaded Successfully!!
Page Title is: Automation Exercise
]]></system-out>
    <system-err><![CDATA[SLF4J: Failed to load class "org.slf4j.impl.StaticLoggerBinder".
SLF4J: Defaulting to no-operation (NOP) logger implementation
SLF4J: See http://www.slf4j.org/codes.html#StaticLoggerBinder for further details.
]]></system-err>
  </testcase>
  <testcase name="verifyGoogleTitle" classname="tests.GoogleSearchTest" time="1.242">
    <system-out><![CDATA[Page Title is: Automation Exercise
]]></system-out>
  </testcase>
  <testcase name="verifyGoogleTitle" classname="tests.GoogleSearchTest" time="0.037">
    <system-out><![CDATA[ContactUsPage Loaded Successfully!!
Page Title is: Automation Exercise
]]></system-out>
  </testcase>
  <testcase name="verifyContactFormSubmission" classname="tests.ContactUSPageTests" time="0.22">
    <system-out><![CDATA[Success! Your details have been submitted successfully.
]]></system-out>
  </testcase>
  <testcase name="verifyContactFormSubmission" classname="tests.ContactUSPageTests" time="0.572">
    <system-out><![CDATA[Success! Your details have been submitted successfully.
]]></system-out>
  </testcase>
  <testcase name="verifyContactFormSubmission" classname="tests.ContactUSPageTests" time="3.736">
    <system-out><![CDATA[Success! Your details have been submitted successfully.
]]></system-out>
  </testcase>
</testsuite>