<?xml version="1.0" encoding="UTF-8"?>
<testng-results ignored="0" total="1" passed="1" failed="0" skipped="0">
  <reporter-output>
  </reporter-output>
  <suite started-at="2025-10-30T02:38:20 GMT-07:00" name="UI Automation Suite" finished-at="2025-10-30T02:38:24 GMT-07:00" duration-ms="3989">
    <groups>
    </groups>
    <test started-at="2025-10-30T02:38:20 GMT-07:00" name="Google Test" finished-at="2025-10-30T02:38:24 GMT-07:00" duration-ms="3989">
      <class name="tests.GoogleSearchTest">
        <test-method is-config="true" signature="setupBrowser()[pri:0, instance:tests.GoogleSearchTest@708f5957]" started-at="2025-10-30T02:38:20 GMT-07:00" name="setupBrowser" finished-at="2025-10-30T02:38:23 GMT-07:00" duration-ms="3827" status="PASS">
          <reporter-output>
          </reporter-output>
        </test-method> <!-- setupBrowser -->
        <test-method signature="verifyGoogleTitle()[pri:0, instance:tests.GoogleSearchTest@708f5957]" started-at="2025-10-30T02:38:23 GMT-07:00" name="verifyGoogleTitle" finished-at="2025-10-30T02:38:23 GMT-07:00" duration-ms="23" status="PASS">
          <reporter-output>
          </reporter-output>
        </test-method> <!-- verifyGoogleTitle -->
        <test-method is-config="true" signature="closeBrowser()[pri:0, instance:tests.GoogleSearchTest@708f5957]" started-at="2025-10-30T02:38:23 GMT-07:00" name="closeBrowser" finished-at="2025-10-30T02:38:24 GMT-07:00" duration-ms="103" status="PASS">
          <reporter-output>
          </reporter-output>
        </test-method> <!-- closeBrowser -->
      </class> <!-- tests.GoogleSearchTest -->
    </test> <!-- Google Test -->
  </suite> <!-- UI Automation Suite -->
</testng-results>
