<?xml version="1.0" encoding="UTF-8"?>
<testng-results ignored="0" total="1" passed="1" failed="0" skipped="0">
  <reporter-output>
  </reporter-output>
  <suite started-at="2025-10-30T02:23:51 GMT-07:00" name="Default suite" finished-at="2025-10-30T02:23:55 GMT-07:00" duration-ms="4444">
    <groups>
    </groups>
    <test started-at="2025-10-30T02:23:51 GMT-07:00" name="Default test" finished-at="2025-10-30T02:23:55 GMT-07:00" duration-ms="4444">
      <class name="tests.GoogleSearchTest">
        <test-method is-config="true" signature="setupBrowser()[pri:0, instance:tests.GoogleSearchTest@6d4e5011]" started-at="2025-10-30T02:23:51 GMT-07:00" name="setupBrowser" finished-at="2025-10-30T02:23:55 GMT-07:00" duration-ms="4286" status="PASS">
          <reporter-output>
          </reporter-output>
        </test-method> <!-- setupBrowser -->
        <test-method signature="verifyGoogleTitle()[pri:0, instance:tests.GoogleSearchTest@6d4e5011]" started-at="2025-10-30T02:23:55 GMT-07:00" name="verifyGoogleTitle" finished-at="2025-10-30T02:23:55 GMT-07:00" duration-ms="15" status="PASS">
          <reporter-output>
          </reporter-output>
        </test-method> <!-- verifyGoogleTitle -->
        <test-method is-config="true" signature="closeBrowser()[pri:0, instance:tests.GoogleSearchTest@6d4e5011]" started-at="2025-10-30T02:23:55 GMT-07:00" name="closeBrowser" finished-at="2025-10-30T02:23:55 GMT-07:00" duration-ms="116" status="PASS">
          <reporter-output>
          </reporter-output>
        </test-method> <!-- closeBrowser -->
      </class> <!-- tests.GoogleSearchTest -->
    </test> <!-- Default test -->
  </suite> <!-- Default suite -->
</testng-results>
