<?xml version="1.0" encoding="UTF-8"?>
<!-- Generated by org.testng.reporters.JUnitReportReporter -->
<testsuite hostname="BGM" failures="0" tests="2" name="tests.ContactUSPageTests2" time="18.034" errors="0" timestamp="2025-11-04T21:16:43 GMT-08:00" skipped="0">
  <testcase classname="tests.ContactUSPageTests2" name="verifyContactFormSubmission" time="10.322"/>
  <system-out/>
  <testcase classname="tests.ContactUSPageTests2" name="verifyContactFormSubmission" time="7.712"/>
  <system-out/>
</testsuite> <!-- tests.ContactUSPageTests2 -->
