<?xml version="1.0" encoding="UTF-8"?>
<!-- Generated by org.testng.reporters.JUnitReportReporter -->
<testsuite hostname="BGM" failures="0" tests="3" name="tests.GoogleSearchTest" time="67.400" errors="0" timestamp="2025-11-03T02:39:51 GMT-08:00" skipped="0">
  <testcase classname="tests.GoogleSearchTest" name="verifyGoogleTitle" time="22.915"/>
  <system-out/>
  <testcase classname="tests.GoogleSearchTest" name="verifyGoogleTitle" time="21.085"/>
  <system-out/>
  <testcase classname="tests.GoogleSearchTest" name="verifyGoogleTitle" time="23.400"/>
  <system-out/>
</testsuite> <!-- tests.GoogleSearchTest -->
