<?xml version="1.0" encoding="UTF-8"?>
<!-- Generated by org.testng.reporters.JUnitReportReporter -->
<testsuite hostname="BGM" failures="0" tests="3" name="tests.ContactUSPageTests" time="88.843" errors="0" timestamp="2025-11-04T21:34:17 GMT-08:00" skipped="0">
  <testcase classname="tests.ContactUSPageTests" name="verifyContactFormSubmission" time="29.867"/>
  <testcase classname="tests.ContactUSPageTests" name="verifyContactFormSubmission" time="29.814"/>
  <testcase classname="tests.ContactUSPageTests" name="verifyContactFormSubmission" time="29.162"/>
</testsuite> <!-- tests.ContactUSPageTests -->
