<?xml version="1.0" encoding="UTF-8"?>
<!-- Generated by org.testng.reporters.JUnitReportReporter -->
<testsuite hostname="BGM" failures="0" tests="3" name="tests.GoogleSearchTest" time="87.999" errors="0" timestamp="2025-11-04T21:34:17 GMT-08:00" skipped="0">
  <testcase classname="tests.GoogleSearchTest" name="verifyGoogleTitle" time="28.789"/>
  <testcase classname="tests.GoogleSearchTest" name="verifyGoogleTitle" time="29.376"/>
  <testcase classname="tests.GoogleSearchTest" name="verifyGoogleTitle" time="29.834"/>
</testsuite> <!-- tests.GoogleSearchTest -->
